ERROR - 2024-06-03 09:04:00 --> Error connecting to the database: mysqli_sql_exception: Access denied for user 'root'@'localhost' (using password: NO) in /www/davmosoft.cz/foxdent.davmosoft.cz/v1/system/Database/MySQLi/Connection.php:173
Stack trace:
#0 /www/davmosoft.cz/foxdent.davmosoft.cz/v1/system/Database/MySQLi/Connection.php(173): mysqli->real_connect()
#1 /www/davmosoft.cz/foxdent.davmosoft.cz/v1/system/Database/BaseConnection.php(391): CodeIgniter\Database\MySQLi\Connection->connect()
#2 /www/davmosoft.cz/foxdent.davmosoft.cz/v1/system/Database/BaseConnection.php(801): CodeIgniter\Database\BaseConnection->initialize()
#3 /www/davmosoft.cz/foxdent.davmosoft.cz/v1/system/Database/BaseConnection.php(735): CodeIgniter\Database\BaseConnection->transBegin()
#4 /www/davmosoft.cz/foxdent.davmosoft.cz/v1/app/Models/System/LogRequestModel.php(31): CodeIgniter\Database\BaseConnection->transStart()
#5 /www/davmosoft.cz/foxdent.davmosoft.cz/v1/app/Controllers/BaseController.php(59): App\Models\System\LogRequestModel->create()
#6 /www/davmosoft.cz/foxdent.davmosoft.cz/v1/app/Controllers/Error/ErrorController.php(11): App\Controllers\BaseController->__construct()
#7 /www/davmosoft.cz/foxdent.davmosoft.cz/v1/system/CodeIgniter.php(904): App\Controllers\Error\ErrorController->__construct()
#8 /www/davmosoft.cz/foxdent.davmosoft.cz/v1/system/CodeIgniter.php(960): CodeIgniter\CodeIgniter->createController()
#9 /www/davmosoft.cz/foxdent.davmosoft.cz/v1/system/CodeIgniter.php(385): CodeIgniter\CodeIgniter->display404errors()
#10 /www/davmosoft.cz/foxdent.davmosoft.cz/v1/index.php(67): CodeIgniter\CodeIgniter->run()
#11 {main}

Next CodeIgniter\Database\Exceptions\DatabaseException: Access denied for user '****'@'localhost' (using password: NO) in /www/davmosoft.cz/foxdent.davmosoft.cz/v1/system/Database/MySQLi/Connection.php:218
Stack trace:
#0 /www/davmosoft.cz/foxdent.davmosoft.cz/v1/system/Database/BaseConnection.php(391): CodeIgniter\Database\MySQLi\Connection->connect()
#1 /www/davmosoft.cz/foxdent.davmosoft.cz/v1/system/Database/BaseConnection.php(801): CodeIgniter\Database\BaseConnection->initialize()
#2 /www/davmosoft.cz/foxdent.davmosoft.cz/v1/system/Database/BaseConnection.php(735): CodeIgniter\Database\BaseConnection->transBegin()
#3 /www/davmosoft.cz/foxdent.davmosoft.cz/v1/app/Models/System/LogRequestModel.php(31): CodeIgniter\Database\BaseConnection->transStart()
#4 /www/davmosoft.cz/foxdent.davmosoft.cz/v1/app/Controllers/BaseController.php(59): App\Models\System\LogRequestModel->create()
#5 /www/davmosoft.cz/foxdent.davmosoft.cz/v1/app/Controllers/Error/ErrorController.php(11): App\Controllers\BaseController->__construct()
#6 /www/davmosoft.cz/foxdent.davmosoft.cz/v1/system/CodeIgniter.php(904): App\Controllers\Error\ErrorController->__construct()
#7 /www/davmosoft.cz/foxdent.davmosoft.cz/v1/system/CodeIgniter.php(960): CodeIgniter\CodeIgniter->createController()
#8 /www/davmosoft.cz/foxdent.davmosoft.cz/v1/system/CodeIgniter.php(385): CodeIgniter\CodeIgniter->display404errors()
#9 /www/davmosoft.cz/foxdent.davmosoft.cz/v1/index.php(67): CodeIgniter\CodeIgniter->run()
#10 {main}
CRITICAL - 2024-06-03 09:04:00 --> Unable to connect to the database.
Main connection [MySQLi]: Access denied for user '****'@'localhost' (using password: NO)
in SYSTEMPATH/Database/BaseConnection.php on line 427.
 1 SYSTEMPATH/Database/BaseConnection.php(801): CodeIgniter\Database\BaseConnection->initialize()
 2 SYSTEMPATH/Database/BaseConnection.php(735): CodeIgniter\Database\BaseConnection->transBegin()
 3 APPPATH/Models/System/LogRequestModel.php(31): CodeIgniter\Database\BaseConnection->transStart()
 4 APPPATH/Controllers/BaseController.php(59): App\Models\System\LogRequestModel->create()
 5 APPPATH/Controllers/Error/ErrorController.php(11): App\Controllers\BaseController->__construct()
 6 SYSTEMPATH/CodeIgniter.php(904): App\Controllers\Error\ErrorController->__construct()
 7 SYSTEMPATH/CodeIgniter.php(960): CodeIgniter\CodeIgniter->createController()
 8 SYSTEMPATH/CodeIgniter.php(385): CodeIgniter\CodeIgniter->display404errors()
 9 FCPATH/index.php(67): CodeIgniter\CodeIgniter->run()
ERROR - 2024-06-03 09:06:04 --> Error connecting to the database: mysqli_sql_exception: Access denied for user 'root'@'localhost' (using password: NO) in /www/davmosoft.cz/foxdent.davmosoft.cz/v1/system/Database/MySQLi/Connection.php:173
Stack trace:
#0 /www/davmosoft.cz/foxdent.davmosoft.cz/v1/system/Database/MySQLi/Connection.php(173): mysqli->real_connect()
#1 /www/davmosoft.cz/foxdent.davmosoft.cz/v1/system/Database/BaseConnection.php(391): CodeIgniter\Database\MySQLi\Connection->connect()
#2 /www/davmosoft.cz/foxdent.davmosoft.cz/v1/system/Database/BaseConnection.php(801): CodeIgniter\Database\BaseConnection->initialize()
#3 /www/davmosoft.cz/foxdent.davmosoft.cz/v1/system/Database/BaseConnection.php(735): CodeIgniter\Database\BaseConnection->transBegin()
#4 /www/davmosoft.cz/foxdent.davmosoft.cz/v1/app/Models/System/LogRequestModel.php(31): CodeIgniter\Database\BaseConnection->transStart()
#5 /www/davmosoft.cz/foxdent.davmosoft.cz/v1/app/Controllers/BaseController.php(59): App\Models\System\LogRequestModel->create()
#6 /www/davmosoft.cz/foxdent.davmosoft.cz/v1/app/Controllers/Pricelist/PricelistController.php(19): App\Controllers\BaseController->__construct()
#7 /www/davmosoft.cz/foxdent.davmosoft.cz/v1/system/CodeIgniter.php(904): App\Controllers\Pricelist\PricelistController->__construct()
#8 /www/davmosoft.cz/foxdent.davmosoft.cz/v1/system/CodeIgniter.php(488): CodeIgniter\CodeIgniter->createController()
#9 /www/davmosoft.cz/foxdent.davmosoft.cz/v1/system/CodeIgniter.php(366): CodeIgniter\CodeIgniter->handleRequest()
#10 /www/davmosoft.cz/foxdent.davmosoft.cz/v1/index.php(67): CodeIgniter\CodeIgniter->run()
#11 {main}

Next CodeIgniter\Database\Exceptions\DatabaseException: Access denied for user '****'@'localhost' (using password: NO) in /www/davmosoft.cz/foxdent.davmosoft.cz/v1/system/Database/MySQLi/Connection.php:218
Stack trace:
#0 /www/davmosoft.cz/foxdent.davmosoft.cz/v1/system/Database/BaseConnection.php(391): CodeIgniter\Database\MySQLi\Connection->connect()
#1 /www/davmosoft.cz/foxdent.davmosoft.cz/v1/system/Database/BaseConnection.php(801): CodeIgniter\Database\BaseConnection->initialize()
#2 /www/davmosoft.cz/foxdent.davmosoft.cz/v1/system/Database/BaseConnection.php(735): CodeIgniter\Database\BaseConnection->transBegin()
#3 /www/davmosoft.cz/foxdent.davmosoft.cz/v1/app/Models/System/LogRequestModel.php(31): CodeIgniter\Database\BaseConnection->transStart()
#4 /www/davmosoft.cz/foxdent.davmosoft.cz/v1/app/Controllers/BaseController.php(59): App\Models\System\LogRequestModel->create()
#5 /www/davmosoft.cz/foxdent.davmosoft.cz/v1/app/Controllers/Pricelist/PricelistController.php(19): App\Controllers\BaseController->__construct()
#6 /www/davmosoft.cz/foxdent.davmosoft.cz/v1/system/CodeIgniter.php(904): App\Controllers\Pricelist\PricelistController->__construct()
#7 /www/davmosoft.cz/foxdent.davmosoft.cz/v1/system/CodeIgniter.php(488): CodeIgniter\CodeIgniter->createController()
#8 /www/davmosoft.cz/foxdent.davmosoft.cz/v1/system/CodeIgniter.php(366): CodeIgniter\CodeIgniter->handleRequest()
#9 /www/davmosoft.cz/foxdent.davmosoft.cz/v1/index.php(67): CodeIgniter\CodeIgniter->run()
#10 {main}
CRITICAL - 2024-06-03 09:06:04 --> Unable to connect to the database.
Main connection [MySQLi]: Access denied for user '****'@'localhost' (using password: NO)
in SYSTEMPATH/Database/BaseConnection.php on line 427.
 1 SYSTEMPATH/Database/BaseConnection.php(801): CodeIgniter\Database\BaseConnection->initialize()
 2 SYSTEMPATH/Database/BaseConnection.php(735): CodeIgniter\Database\BaseConnection->transBegin()
 3 APPPATH/Models/System/LogRequestModel.php(31): CodeIgniter\Database\BaseConnection->transStart()
 4 APPPATH/Controllers/BaseController.php(59): App\Models\System\LogRequestModel->create()
 5 APPPATH/Controllers/Pricelist/PricelistController.php(19): App\Controllers\BaseController->__construct()
 6 SYSTEMPATH/CodeIgniter.php(904): App\Controllers\Pricelist\PricelistController->__construct()
 7 SYSTEMPATH/CodeIgniter.php(488): CodeIgniter\CodeIgniter->createController()
 8 SYSTEMPATH/CodeIgniter.php(366): CodeIgniter\CodeIgniter->handleRequest()
 9 FCPATH/index.php(67): CodeIgniter\CodeIgniter->run()
ERROR - 2024-06-03 09:16:15 --> mysqli_sql_exception: Unknown column 'users.slug' in 'field list' in C:\laragon\www\SMALL_PROJECTS\foxdent\v1\system\Database\MySQLi\Connection.php:295
Stack trace:
#0 C:\laragon\www\SMALL_PROJECTS\foxdent\v1\system\Database\MySQLi\Connection.php(295): mysqli->query('SELECT `users`....', 0)
#1 C:\laragon\www\SMALL_PROJECTS\foxdent\v1\system\Database\BaseConnection.php(692): CodeIgniter\Database\MySQLi\Connection->execute('SELECT `users`....')
#2 C:\laragon\www\SMALL_PROJECTS\foxdent\v1\system\Database\BaseConnection.php(606): CodeIgniter\Database\BaseConnection->simpleQuery('SELECT `users`....')
#3 C:\laragon\www\SMALL_PROJECTS\foxdent\v1\system\Database\BaseBuilder.php(1616): CodeIgniter\Database\BaseConnection->query('SELECT `users`....', Array, false)
#4 C:\laragon\www\SMALL_PROJECTS\foxdent\v1\app\Models\User\UserModel.php(730): CodeIgniter\Database\BaseBuilder->get()
#5 C:\laragon\www\SMALL_PROJECTS\foxdent\v1\app\Controllers\Account\AccountController.php(64): App\Models\User\UserModel->getRecord()
#6 C:\laragon\www\SMALL_PROJECTS\foxdent\v1\system\CodeIgniter.php(932): App\Controllers\Account\AccountController->checkLogin()
#7 C:\laragon\www\SMALL_PROJECTS\foxdent\v1\system\CodeIgniter.php(497): CodeIgniter\CodeIgniter->runController(Object(App\Controllers\Account\AccountController))
#8 C:\laragon\www\SMALL_PROJECTS\foxdent\v1\system\CodeIgniter.php(366): CodeIgniter\CodeIgniter->handleRequest(NULL, Object(Config\Cache), false)
#9 C:\laragon\www\SMALL_PROJECTS\foxdent\v1\index.php(67): CodeIgniter\CodeIgniter->run()
#10 {main}
CRITICAL - 2024-06-03 09:16:15 --> Unknown column 'users.slug' in 'field list'
in SYSTEMPATH\Database\MySQLi\Connection.php on line 295.
 1 SYSTEMPATH\Database\MySQLi\Connection.php(295): mysqli->query('SELECT `users`.`id`, `users`.`role_id`, `users`.`slug`, `users`.`email`, `users`.`active`, `users`.`create_time`, `users`.`update_time`, `users`.`name`, `users`.`pin`, `user_roles`.`name` AS `role_name`
FROM `users`
LEFT JOIN `user_roles` ON `users`.`role_id` = `user_roles`.`id`
WHERE `users`.`id` = \'1\'
AND `users`.`removed` = 0
ORDER BY `users`.`id` ASC
 LIMIT 10', 0)
 2 SYSTEMPATH\Database\BaseConnection.php(692): CodeIgniter\Database\MySQLi\Connection->execute('SELECT `users`.`id`, `users`.`role_id`, `users`.`slug`, `users`.`email`, `users`.`active`, `users`.`create_time`, `users`.`update_time`, `users`.`name`, `users`.`pin`, `user_roles`.`name` AS `role_name`
FROM `users`
LEFT JOIN `user_roles` ON `users`.`role_id` = `user_roles`.`id`
WHERE `users`.`id` = \'1\'
AND `users`.`removed` = 0
ORDER BY `users`.`id` ASC
 LIMIT 10')
 3 SYSTEMPATH\Database\BaseConnection.php(606): CodeIgniter\Database\BaseConnection->simpleQuery('SELECT `users`.`id`, `users`.`role_id`, `users`.`slug`, `users`.`email`, `users`.`active`, `users`.`create_time`, `users`.`update_time`, `users`.`name`, `users`.`pin`, `user_roles`.`name` AS `role_name`
FROM `users`
LEFT JOIN `user_roles` ON `users`.`role_id` = `user_roles`.`id`
WHERE `users`.`id` = \'1\'
AND `users`.`removed` = 0
ORDER BY `users`.`id` ASC
 LIMIT 10')
 4 SYSTEMPATH\Database\BaseBuilder.php(1616): CodeIgniter\Database\BaseConnection->query('SELECT `users`.`id`, `users`.`role_id`, `users`.`slug`, `users`.`email`, `users`.`active`, `users`.`create_time`, `users`.`update_time`, `users`.`name`, `users`.`pin`, `user_roles`.`name` AS `role_name`
FROM `users`
LEFT JOIN `user_roles` ON `users`.`role_id` = `user_roles`.`id`
WHERE `users`.`id` = :users.id:
AND `users`.`removed` = :users.removed:
ORDER BY `users`.`id` ASC
 LIMIT 10', [...], false)
 5 APPPATH\Models\User\UserModel.php(730): CodeIgniter\Database\BaseBuilder->get()
 6 APPPATH\Controllers\Account\AccountController.php(64): App\Models\User\UserModel->getRecord()
 7 SYSTEMPATH\CodeIgniter.php(932): App\Controllers\Account\AccountController->checkLogin()
 8 SYSTEMPATH\CodeIgniter.php(497): CodeIgniter\CodeIgniter->runController(Object(App\Controllers\Account\AccountController))
 9 SYSTEMPATH\CodeIgniter.php(366): CodeIgniter\CodeIgniter->handleRequest(null, Object(Config\Cache), false)
10 FCPATH\index.php(67): CodeIgniter\CodeIgniter->run()
CRITICAL - 2024-06-03 09:40:55 --> Undefined array key "employeeOfficeHours"
in APPPATH\Controllers\Employee\EmployeeController.php on line 176.
 1 APPPATH\Controllers\Employee\EmployeeController.php(176): CodeIgniter\Debug\Exceptions->errorHandler(2, 'Undefined array key "employeeOfficeHours"', 'C:\\laragon\\www\\SMALL_PROJECTS\\foxdent\\v1\\app\\Controllers\\Employee\\EmployeeController.php', 176)
 2 SYSTEMPATH\CodeIgniter.php(932): App\Controllers\Employee\EmployeeController->update('8')
 3 SYSTEMPATH\CodeIgniter.php(497): CodeIgniter\CodeIgniter->runController(Object(App\Controllers\Employee\EmployeeController))
 4 SYSTEMPATH\CodeIgniter.php(366): CodeIgniter\CodeIgniter->handleRequest(null, Object(Config\Cache), false)
 5 FCPATH\index.php(67): CodeIgniter\CodeIgniter->run()
CRITICAL - 2024-06-03 09:43:13 --> Undefined array key "employeeType"
in APPPATH\Controllers\Employee\EmployeeController.php on line 177.
 1 APPPATH\Controllers\Employee\EmployeeController.php(177): CodeIgniter\Debug\Exceptions->errorHandler(2, 'Undefined array key "employeeType"', 'C:\\laragon\\www\\SMALL_PROJECTS\\foxdent\\v1\\app\\Controllers\\Employee\\EmployeeController.php', 177)
 2 SYSTEMPATH\CodeIgniter.php(932): App\Controllers\Employee\EmployeeController->update('8')
 3 SYSTEMPATH\CodeIgniter.php(497): CodeIgniter\CodeIgniter->runController(Object(App\Controllers\Employee\EmployeeController))
 4 SYSTEMPATH\CodeIgniter.php(366): CodeIgniter\CodeIgniter->handleRequest(null, Object(Config\Cache), false)
 5 FCPATH\index.php(67): CodeIgniter\CodeIgniter->run()
CRITICAL - 2024-06-03 10:58:20 --> Call to undefined method App\Models\Employee\EmployeeModel::setAppName
in SYSTEMPATH\Model.php on line 838.
 1 APPPATH\Controllers\Employee\EmployeeController.php(194): CodeIgniter\Model->__call('setAppName', [...])
 2 SYSTEMPATH\CodeIgniter.php(932): App\Controllers\Employee\EmployeeController->uploadPhoto('8')
 3 SYSTEMPATH\CodeIgniter.php(497): CodeIgniter\CodeIgniter->runController(Object(App\Controllers\Employee\EmployeeController))
 4 SYSTEMPATH\CodeIgniter.php(366): CodeIgniter\CodeIgniter->handleRequest(null, Object(Config\Cache), false)
 5 FCPATH\index.php(67): CodeIgniter\CodeIgniter->run()
CRITICAL - 2024-06-03 10:58:37 --> Call to undefined method App\Models\Employee\EmployeeModel::setAppName
in SYSTEMPATH\Model.php on line 838.
 1 APPPATH\Controllers\Employee\EmployeeController.php(194): CodeIgniter\Model->__call('setAppName', [...])
 2 SYSTEMPATH\CodeIgniter.php(932): App\Controllers\Employee\EmployeeController->uploadPhoto('8')
 3 SYSTEMPATH\CodeIgniter.php(497): CodeIgniter\CodeIgniter->runController(Object(App\Controllers\Employee\EmployeeController))
 4 SYSTEMPATH\CodeIgniter.php(366): CodeIgniter\CodeIgniter->handleRequest(null, Object(Config\Cache), false)
 5 FCPATH\index.php(67): CodeIgniter\CodeIgniter->run()
CRITICAL - 2024-06-03 10:58:47 --> Call to undefined method App\Models\Employee\EmployeeModel::setAppName
in SYSTEMPATH\Model.php on line 838.
 1 APPPATH\Controllers\Employee\EmployeeController.php(194): CodeIgniter\Model->__call('setAppName', [...])
 2 SYSTEMPATH\CodeIgniter.php(932): App\Controllers\Employee\EmployeeController->uploadPhoto('8')
 3 SYSTEMPATH\CodeIgniter.php(497): CodeIgniter\CodeIgniter->runController(Object(App\Controllers\Employee\EmployeeController))
 4 SYSTEMPATH\CodeIgniter.php(366): CodeIgniter\CodeIgniter->handleRequest(null, Object(Config\Cache), false)
 5 FCPATH\index.php(67): CodeIgniter\CodeIgniter->run()
CRITICAL - 2024-06-03 10:59:01 --> Undefined array key "slug"
in APPPATH\Controllers\Employee\EmployeeController.php on line 202.
 1 APPPATH\Controllers\Employee\EmployeeController.php(202): CodeIgniter\Debug\Exceptions->errorHandler(2, 'Undefined array key "slug"', 'C:\\laragon\\www\\SMALL_PROJECTS\\foxdent\\v1\\app\\Controllers\\Employee\\EmployeeController.php', 202)
 2 SYSTEMPATH\CodeIgniter.php(932): App\Controllers\Employee\EmployeeController->uploadPhoto('8')
 3 SYSTEMPATH\CodeIgniter.php(497): CodeIgniter\CodeIgniter->runController(Object(App\Controllers\Employee\EmployeeController))
 4 SYSTEMPATH\CodeIgniter.php(366): CodeIgniter\CodeIgniter->handleRequest(null, Object(Config\Cache), false)
 5 FCPATH\index.php(67): CodeIgniter\CodeIgniter->run()
CRITICAL - 2024-06-03 11:00:02 --> move_uploaded_file(../assets/images/employees/8.png): Failed to open stream: No such file or directory
in APPPATH\Controllers\Employee\EmployeeController.php on line 207.
 1 [internal function]: CodeIgniter\Debug\Exceptions->errorHandler(2, 'move_uploaded_file(../assets/images/employees/8.png): Failed to open stream: No such file or directory', 'C:\\laragon\\www\\SMALL_PROJECTS\\foxdent\\v1\\app\\Controllers\\Employee\\EmployeeController.php', 207)
 2 APPPATH\Controllers\Employee\EmployeeController.php(207): move_uploaded_file('C:\\Users\\musil\\AppData\\Local\\Temp\\php1F2A.tmp', '../assets/images/employees/8.png')
 3 SYSTEMPATH\CodeIgniter.php(932): App\Controllers\Employee\EmployeeController->uploadPhoto('8')
 4 SYSTEMPATH\CodeIgniter.php(497): CodeIgniter\CodeIgniter->runController(Object(App\Controllers\Employee\EmployeeController))
 5 SYSTEMPATH\CodeIgniter.php(366): CodeIgniter\CodeIgniter->handleRequest(null, Object(Config\Cache), false)
 6 FCPATH\index.php(67): CodeIgniter\CodeIgniter->run()
CRITICAL - 2024-06-03 11:00:23 --> move_uploaded_file(../assets/images/employees/8.png): Failed to open stream: No such file or directory
in APPPATH\Controllers\Employee\EmployeeController.php on line 207.
 1 [internal function]: CodeIgniter\Debug\Exceptions->errorHandler(2, 'move_uploaded_file(../assets/images/employees/8.png): Failed to open stream: No such file or directory', 'C:\\laragon\\www\\SMALL_PROJECTS\\foxdent\\v1\\app\\Controllers\\Employee\\EmployeeController.php', 207)
 2 APPPATH\Controllers\Employee\EmployeeController.php(207): move_uploaded_file('C:\\Users\\musil\\AppData\\Local\\Temp\\php702A.tmp', '../assets/images/employees/8.png')
 3 SYSTEMPATH\CodeIgniter.php(932): App\Controllers\Employee\EmployeeController->uploadPhoto('8')
 4 SYSTEMPATH\CodeIgniter.php(497): CodeIgniter\CodeIgniter->runController(Object(App\Controllers\Employee\EmployeeController))
 5 SYSTEMPATH\CodeIgniter.php(366): CodeIgniter\CodeIgniter->handleRequest(null, Object(Config\Cache), false)
 6 FCPATH\index.php(67): CodeIgniter\CodeIgniter->run()
CRITICAL - 2024-06-03 11:01:18 --> move_uploaded_file(../assets/images/employees/8.png): Failed to open stream: No such file or directory
in APPPATH\Controllers\Employee\EmployeeController.php on line 207.
 1 [internal function]: CodeIgniter\Debug\Exceptions->errorHandler(2, 'move_uploaded_file(../assets/images/employees/8.png): Failed to open stream: No such file or directory', 'C:\\laragon\\www\\SMALL_PROJECTS\\foxdent\\v1\\app\\Controllers\\Employee\\EmployeeController.php', 207)
 2 APPPATH\Controllers\Employee\EmployeeController.php(207): move_uploaded_file('C:\\Users\\musil\\AppData\\Local\\Temp\\php47ED.tmp', '../assets/images/employees/8.png')
 3 SYSTEMPATH\CodeIgniter.php(932): App\Controllers\Employee\EmployeeController->uploadPhoto('8')
 4 SYSTEMPATH\CodeIgniter.php(497): CodeIgniter\CodeIgniter->runController(Object(App\Controllers\Employee\EmployeeController))
 5 SYSTEMPATH\CodeIgniter.php(366): CodeIgniter\CodeIgniter->handleRequest(null, Object(Config\Cache), false)
 6 FCPATH\index.php(67): CodeIgniter\CodeIgniter->run()
CRITICAL - 2024-06-03 11:01:47 --> move_uploaded_file(../assets/images/employees/8.jpg): Failed to open stream: No such file or directory
in APPPATH\Controllers\Employee\EmployeeController.php on line 207.
 1 [internal function]: CodeIgniter\Debug\Exceptions->errorHandler(2, 'move_uploaded_file(../assets/images/employees/8.jpg): Failed to open stream: No such file or directory', 'C:\\laragon\\www\\SMALL_PROJECTS\\foxdent\\v1\\app\\Controllers\\Employee\\EmployeeController.php', 207)
 2 APPPATH\Controllers\Employee\EmployeeController.php(207): move_uploaded_file('C:\\Users\\musil\\AppData\\Local\\Temp\\phpB8D8.tmp', '../assets/images/employees/8.jpg')
 3 SYSTEMPATH\CodeIgniter.php(932): App\Controllers\Employee\EmployeeController->uploadPhoto('8')
 4 SYSTEMPATH\CodeIgniter.php(497): CodeIgniter\CodeIgniter->runController(Object(App\Controllers\Employee\EmployeeController))
 5 SYSTEMPATH\CodeIgniter.php(366): CodeIgniter\CodeIgniter->handleRequest(null, Object(Config\Cache), false)
 6 FCPATH\index.php(67): CodeIgniter\CodeIgniter->run()
ERROR - 2024-06-03 12:07:52 --> mysqli_sql_exception: Unknown column 'texts.localization' in 'field list' in C:\laragon\www\SMALL_PROJECTS\foxdent\v1\system\Database\MySQLi\Connection.php:295
Stack trace:
#0 C:\laragon\www\SMALL_PROJECTS\foxdent\v1\system\Database\MySQLi\Connection.php(295): mysqli->query('SELECT `texts`....', 0)
#1 C:\laragon\www\SMALL_PROJECTS\foxdent\v1\system\Database\BaseConnection.php(692): CodeIgniter\Database\MySQLi\Connection->execute('SELECT `texts`....')
#2 C:\laragon\www\SMALL_PROJECTS\foxdent\v1\system\Database\BaseConnection.php(606): CodeIgniter\Database\BaseConnection->simpleQuery('SELECT `texts`....')
#3 C:\laragon\www\SMALL_PROJECTS\foxdent\v1\system\Database\BaseBuilder.php(1616): CodeIgniter\Database\BaseConnection->query('SELECT `texts`....', Array, false)
#4 C:\laragon\www\SMALL_PROJECTS\foxdent\v1\app\Models\Text\TextModel.php(237): CodeIgniter\Database\BaseBuilder->get()
#5 C:\laragon\www\SMALL_PROJECTS\foxdent\v1\app\Controllers\Text\TextController.php(51): App\Models\Text\TextModel->getRecord()
#6 C:\laragon\www\SMALL_PROJECTS\foxdent\v1\system\CodeIgniter.php(932): App\Controllers\Text\TextController->get()
#7 C:\laragon\www\SMALL_PROJECTS\foxdent\v1\system\CodeIgniter.php(497): CodeIgniter\CodeIgniter->runController(Object(App\Controllers\Text\TextController))
#8 C:\laragon\www\SMALL_PROJECTS\foxdent\v1\system\CodeIgniter.php(366): CodeIgniter\CodeIgniter->handleRequest(NULL, Object(Config\Cache), false)
#9 C:\laragon\www\SMALL_PROJECTS\foxdent\v1\index.php(67): CodeIgniter\CodeIgniter->run()
#10 {main}
CRITICAL - 2024-06-03 12:07:52 --> Unknown column 'texts.localization' in 'field list'
in SYSTEMPATH\Database\MySQLi\Connection.php on line 295.
 1 SYSTEMPATH\Database\MySQLi\Connection.php(295): mysqli->query('SELECT `texts`.`id`, `texts`.`name`, `texts`.`note`, `texts`.`create_time`, `texts`.`update_time`, `texts`.`id` AS `textTranslationId`, `texts`.`localization`, `texts`.`title`, `texts`.`subtitle`, `texts`.`content`
FROM `texts`
WHERE `texts`.`removed` = 0
ORDER BY `texts`.`id` DESC', 0)
 2 SYSTEMPATH\Database\BaseConnection.php(692): CodeIgniter\Database\MySQLi\Connection->execute('SELECT `texts`.`id`, `texts`.`name`, `texts`.`note`, `texts`.`create_time`, `texts`.`update_time`, `texts`.`id` AS `textTranslationId`, `texts`.`localization`, `texts`.`title`, `texts`.`subtitle`, `texts`.`content`
FROM `texts`
WHERE `texts`.`removed` = 0
ORDER BY `texts`.`id` DESC')
 3 SYSTEMPATH\Database\BaseConnection.php(606): CodeIgniter\Database\BaseConnection->simpleQuery('SELECT `texts`.`id`, `texts`.`name`, `texts`.`note`, `texts`.`create_time`, `texts`.`update_time`, `texts`.`id` AS `textTranslationId`, `texts`.`localization`, `texts`.`title`, `texts`.`subtitle`, `texts`.`content`
FROM `texts`
WHERE `texts`.`removed` = 0
ORDER BY `texts`.`id` DESC')
 4 SYSTEMPATH\Database\BaseBuilder.php(1616): CodeIgniter\Database\BaseConnection->query('SELECT `texts`.`id`, `texts`.`name`, `texts`.`note`, `texts`.`create_time`, `texts`.`update_time`, `texts`.`id` AS `textTranslationId`, `texts`.`localization`, `texts`.`title`, `texts`.`subtitle`, `texts`.`content`
FROM `texts`
WHERE `texts`.`removed` = :texts.removed:
ORDER BY `texts`.`id` DESC', [...], false)
 5 APPPATH\Models\Text\TextModel.php(237): CodeIgniter\Database\BaseBuilder->get()
 6 APPPATH\Controllers\Text\TextController.php(51): App\Models\Text\TextModel->getRecord()
 7 SYSTEMPATH\CodeIgniter.php(932): App\Controllers\Text\TextController->get()
 8 SYSTEMPATH\CodeIgniter.php(497): CodeIgniter\CodeIgniter->runController(Object(App\Controllers\Text\TextController))
 9 SYSTEMPATH\CodeIgniter.php(366): CodeIgniter\CodeIgniter->handleRequest(null, Object(Config\Cache), false)
10 FCPATH\index.php(67): CodeIgniter\CodeIgniter->run()
ERROR - 2024-06-03 12:08:13 --> mysqli_sql_exception: Unknown column 'texts_translations.id' in 'field list' in C:\laragon\www\SMALL_PROJECTS\foxdent\v1\system\Database\MySQLi\Connection.php:295
Stack trace:
#0 C:\laragon\www\SMALL_PROJECTS\foxdent\v1\system\Database\MySQLi\Connection.php(295): mysqli->query('SELECT `texts`....', 0)
#1 C:\laragon\www\SMALL_PROJECTS\foxdent\v1\system\Database\BaseConnection.php(692): CodeIgniter\Database\MySQLi\Connection->execute('SELECT `texts`....')
#2 C:\laragon\www\SMALL_PROJECTS\foxdent\v1\system\Database\BaseConnection.php(606): CodeIgniter\Database\BaseConnection->simpleQuery('SELECT `texts`....')
#3 C:\laragon\www\SMALL_PROJECTS\foxdent\v1\system\Database\BaseBuilder.php(1616): CodeIgniter\Database\BaseConnection->query('SELECT `texts`....', Array, false)
#4 C:\laragon\www\SMALL_PROJECTS\foxdent\v1\app\Models\Text\TextModel.php(237): CodeIgniter\Database\BaseBuilder->get()
#5 C:\laragon\www\SMALL_PROJECTS\foxdent\v1\app\Controllers\Text\TextController.php(51): App\Models\Text\TextModel->getRecord()
#6 C:\laragon\www\SMALL_PROJECTS\foxdent\v1\system\CodeIgniter.php(932): App\Controllers\Text\TextController->get()
#7 C:\laragon\www\SMALL_PROJECTS\foxdent\v1\system\CodeIgniter.php(497): CodeIgniter\CodeIgniter->runController(Object(App\Controllers\Text\TextController))
#8 C:\laragon\www\SMALL_PROJECTS\foxdent\v1\system\CodeIgniter.php(366): CodeIgniter\CodeIgniter->handleRequest(NULL, Object(Config\Cache), false)
#9 C:\laragon\www\SMALL_PROJECTS\foxdent\v1\index.php(67): CodeIgniter\CodeIgniter->run()
#10 {main}
CRITICAL - 2024-06-03 12:08:13 --> Unknown column 'texts_translations.id' in 'field list'
in SYSTEMPATH\Database\MySQLi\Connection.php on line 295.
 1 SYSTEMPATH\Database\MySQLi\Connection.php(295): mysqli->query('SELECT `texts`.`id`, `texts`.`name`, `texts`.`note`, `texts`.`create_time`, `texts`.`update_time`, `texts_translations`.`id` AS `textTranslationId`, `texts_translations`.`localization`, `texts_translations`.`title`, `texts_translations`.`subtitle`, `texts_translations`.`content`
FROM `texts`
WHERE `texts`.`removed` = 0
ORDER BY `texts`.`id` DESC', 0)
 2 SYSTEMPATH\Database\BaseConnection.php(692): CodeIgniter\Database\MySQLi\Connection->execute('SELECT `texts`.`id`, `texts`.`name`, `texts`.`note`, `texts`.`create_time`, `texts`.`update_time`, `texts_translations`.`id` AS `textTranslationId`, `texts_translations`.`localization`, `texts_translations`.`title`, `texts_translations`.`subtitle`, `texts_translations`.`content`
FROM `texts`
WHERE `texts`.`removed` = 0
ORDER BY `texts`.`id` DESC')
 3 SYSTEMPATH\Database\BaseConnection.php(606): CodeIgniter\Database\BaseConnection->simpleQuery('SELECT `texts`.`id`, `texts`.`name`, `texts`.`note`, `texts`.`create_time`, `texts`.`update_time`, `texts_translations`.`id` AS `textTranslationId`, `texts_translations`.`localization`, `texts_translations`.`title`, `texts_translations`.`subtitle`, `texts_translations`.`content`
FROM `texts`
WHERE `texts`.`removed` = 0
ORDER BY `texts`.`id` DESC')
 4 SYSTEMPATH\Database\BaseBuilder.php(1616): CodeIgniter\Database\BaseConnection->query('SELECT `texts`.`id`, `texts`.`name`, `texts`.`note`, `texts`.`create_time`, `texts`.`update_time`, `texts_translations`.`id` AS `textTranslationId`, `texts_translations`.`localization`, `texts_translations`.`title`, `texts_translations`.`subtitle`, `texts_translations`.`content`
FROM `texts`
WHERE `texts`.`removed` = :texts.removed:
ORDER BY `texts`.`id` DESC', [...], false)
 5 APPPATH\Models\Text\TextModel.php(237): CodeIgniter\Database\BaseBuilder->get()
 6 APPPATH\Controllers\Text\TextController.php(51): App\Models\Text\TextModel->getRecord()
 7 SYSTEMPATH\CodeIgniter.php(932): App\Controllers\Text\TextController->get()
 8 SYSTEMPATH\CodeIgniter.php(497): CodeIgniter\CodeIgniter->runController(Object(App\Controllers\Text\TextController))
 9 SYSTEMPATH\CodeIgniter.php(366): CodeIgniter\CodeIgniter->handleRequest(null, Object(Config\Cache), false)
10 FCPATH\index.php(67): CodeIgniter\CodeIgniter->run()
ERROR - 2024-06-03 12:10:43 --> mysqli_sql_exception: Unknown column 'texts_translations.order_id' in 'on clause' in C:\laragon\www\SMALL_PROJECTS\foxdent\v1\system\Database\MySQLi\Connection.php:295
Stack trace:
#0 C:\laragon\www\SMALL_PROJECTS\foxdent\v1\system\Database\MySQLi\Connection.php(295): mysqli->query('SELECT COUNT(te...', 0)
#1 C:\laragon\www\SMALL_PROJECTS\foxdent\v1\system\Database\BaseConnection.php(692): CodeIgniter\Database\MySQLi\Connection->execute('SELECT COUNT(te...')
#2 C:\laragon\www\SMALL_PROJECTS\foxdent\v1\system\Database\BaseConnection.php(606): CodeIgniter\Database\BaseConnection->simpleQuery('SELECT COUNT(te...')
#3 C:\laragon\www\SMALL_PROJECTS\foxdent\v1\system\Database\BaseBuilder.php(1616): CodeIgniter\Database\BaseConnection->query('SELECT COUNT(te...', Array, false)
#4 C:\laragon\www\SMALL_PROJECTS\foxdent\v1\app\Models\Text\TextModel.php(239): CodeIgniter\Database\BaseBuilder->get()
#5 C:\laragon\www\SMALL_PROJECTS\foxdent\v1\app\Helpers\PaginationHelper.php(41): App\Models\Text\TextModel->getRecord()
#6 C:\laragon\www\SMALL_PROJECTS\foxdent\v1\app\Controllers\Text\TextController.php(50): App\Helpers\PaginationHelper::createPagination(Object(CodeIgniter\HTTP\IncomingRequest), Object(App\Models\Text\TextModel))
#7 C:\laragon\www\SMALL_PROJECTS\foxdent\v1\system\CodeIgniter.php(932): App\Controllers\Text\TextController->get()
#8 C:\laragon\www\SMALL_PROJECTS\foxdent\v1\system\CodeIgniter.php(497): CodeIgniter\CodeIgniter->runController(Object(App\Controllers\Text\TextController))
#9 C:\laragon\www\SMALL_PROJECTS\foxdent\v1\system\CodeIgniter.php(366): CodeIgniter\CodeIgniter->handleRequest(NULL, Object(Config\Cache), false)
#10 C:\laragon\www\SMALL_PROJECTS\foxdent\v1\index.php(67): CodeIgniter\CodeIgniter->run()
#11 {main}
CRITICAL - 2024-06-03 12:10:43 --> Unknown column 'texts_translations.order_id' in 'on clause'
in SYSTEMPATH\Database\MySQLi\Connection.php on line 295.
 1 SYSTEMPATH\Database\MySQLi\Connection.php(295): mysqli->query('SELECT COUNT(texts.id) AS count
FROM `texts`
JOIN `texts_translations` ON `texts`.`id` = `texts_translations`.`order_id` AND `texts_translations`.`localization` = `cs_CZ`
WHERE `texts`.`removed` = 0
ORDER BY `texts`.`id` DESC', 0)
 2 SYSTEMPATH\Database\BaseConnection.php(692): CodeIgniter\Database\MySQLi\Connection->execute('SELECT COUNT(texts.id) AS count
FROM `texts`
JOIN `texts_translations` ON `texts`.`id` = `texts_translations`.`order_id` AND `texts_translations`.`localization` = `cs_CZ`
WHERE `texts`.`removed` = 0
ORDER BY `texts`.`id` DESC')
 3 SYSTEMPATH\Database\BaseConnection.php(606): CodeIgniter\Database\BaseConnection->simpleQuery('SELECT COUNT(texts.id) AS count
FROM `texts`
JOIN `texts_translations` ON `texts`.`id` = `texts_translations`.`order_id` AND `texts_translations`.`localization` = `cs_CZ`
WHERE `texts`.`removed` = 0
ORDER BY `texts`.`id` DESC')
 4 SYSTEMPATH\Database\BaseBuilder.php(1616): CodeIgniter\Database\BaseConnection->query('SELECT COUNT(texts.id) AS count
FROM `texts`
JOIN `texts_translations` ON `texts`.`id` = `texts_translations`.`order_id` AND `texts_translations`.`localization` = `cs_CZ`
WHERE `texts`.`removed` = :texts.removed:
ORDER BY `texts`.`id` DESC', [...], false)
 5 APPPATH\Models\Text\TextModel.php(239): CodeIgniter\Database\BaseBuilder->get()
 6 APPPATH\Helpers\PaginationHelper.php(41): App\Models\Text\TextModel->getRecord()
 7 APPPATH\Controllers\Text\TextController.php(50): App\Helpers\PaginationHelper::createPagination(Object(CodeIgniter\HTTP\IncomingRequest), Object(App\Models\Text\TextModel))
 8 SYSTEMPATH\CodeIgniter.php(932): App\Controllers\Text\TextController->get()
 9 SYSTEMPATH\CodeIgniter.php(497): CodeIgniter\CodeIgniter->runController(Object(App\Controllers\Text\TextController))
10 SYSTEMPATH\CodeIgniter.php(366): CodeIgniter\CodeIgniter->handleRequest(null, Object(Config\Cache), false)
11 FCPATH\index.php(67): CodeIgniter\CodeIgniter->run()
ERROR - 2024-06-03 12:11:03 --> mysqli_sql_exception: Unknown column 'cs_CZ' in 'on clause' in C:\laragon\www\SMALL_PROJECTS\foxdent\v1\system\Database\MySQLi\Connection.php:295
Stack trace:
#0 C:\laragon\www\SMALL_PROJECTS\foxdent\v1\system\Database\MySQLi\Connection.php(295): mysqli->query('SELECT COUNT(te...', 0)
#1 C:\laragon\www\SMALL_PROJECTS\foxdent\v1\system\Database\BaseConnection.php(692): CodeIgniter\Database\MySQLi\Connection->execute('SELECT COUNT(te...')
#2 C:\laragon\www\SMALL_PROJECTS\foxdent\v1\system\Database\BaseConnection.php(606): CodeIgniter\Database\BaseConnection->simpleQuery('SELECT COUNT(te...')
#3 C:\laragon\www\SMALL_PROJECTS\foxdent\v1\system\Database\BaseBuilder.php(1616): CodeIgniter\Database\BaseConnection->query('SELECT COUNT(te...', Array, false)
#4 C:\laragon\www\SMALL_PROJECTS\foxdent\v1\app\Models\Text\TextModel.php(239): CodeIgniter\Database\BaseBuilder->get()
#5 C:\laragon\www\SMALL_PROJECTS\foxdent\v1\app\Helpers\PaginationHelper.php(41): App\Models\Text\TextModel->getRecord()
#6 C:\laragon\www\SMALL_PROJECTS\foxdent\v1\app\Controllers\Text\TextController.php(50): App\Helpers\PaginationHelper::createPagination(Object(CodeIgniter\HTTP\IncomingRequest), Object(App\Models\Text\TextModel))
#7 C:\laragon\www\SMALL_PROJECTS\foxdent\v1\system\CodeIgniter.php(932): App\Controllers\Text\TextController->get()
#8 C:\laragon\www\SMALL_PROJECTS\foxdent\v1\system\CodeIgniter.php(497): CodeIgniter\CodeIgniter->runController(Object(App\Controllers\Text\TextController))
#9 C:\laragon\www\SMALL_PROJECTS\foxdent\v1\system\CodeIgniter.php(366): CodeIgniter\CodeIgniter->handleRequest(NULL, Object(Config\Cache), false)
#10 C:\laragon\www\SMALL_PROJECTS\foxdent\v1\index.php(67): CodeIgniter\CodeIgniter->run()
#11 {main}
CRITICAL - 2024-06-03 12:11:03 --> Unknown column 'cs_CZ' in 'on clause'
in SYSTEMPATH\Database\MySQLi\Connection.php on line 295.
 1 SYSTEMPATH\Database\MySQLi\Connection.php(295): mysqli->query('SELECT COUNT(texts.id) AS count
FROM `texts`
JOIN `texts_translations` ON `texts`.`id` = `texts_translations`.`text_id` AND `texts_translations`.`localization` = `cs_CZ`
WHERE `texts`.`removed` = 0
ORDER BY `texts`.`id` DESC', 0)
 2 SYSTEMPATH\Database\BaseConnection.php(692): CodeIgniter\Database\MySQLi\Connection->execute('SELECT COUNT(texts.id) AS count
FROM `texts`
JOIN `texts_translations` ON `texts`.`id` = `texts_translations`.`text_id` AND `texts_translations`.`localization` = `cs_CZ`
WHERE `texts`.`removed` = 0
ORDER BY `texts`.`id` DESC')
 3 SYSTEMPATH\Database\BaseConnection.php(606): CodeIgniter\Database\BaseConnection->simpleQuery('SELECT COUNT(texts.id) AS count
FROM `texts`
JOIN `texts_translations` ON `texts`.`id` = `texts_translations`.`text_id` AND `texts_translations`.`localization` = `cs_CZ`
WHERE `texts`.`removed` = 0
ORDER BY `texts`.`id` DESC')
 4 SYSTEMPATH\Database\BaseBuilder.php(1616): CodeIgniter\Database\BaseConnection->query('SELECT COUNT(texts.id) AS count
FROM `texts`
JOIN `texts_translations` ON `texts`.`id` = `texts_translations`.`text_id` AND `texts_translations`.`localization` = `cs_CZ`
WHERE `texts`.`removed` = :texts.removed:
ORDER BY `texts`.`id` DESC', [...], false)
 5 APPPATH\Models\Text\TextModel.php(239): CodeIgniter\Database\BaseBuilder->get()
 6 APPPATH\Helpers\PaginationHelper.php(41): App\Models\Text\TextModel->getRecord()
 7 APPPATH\Controllers\Text\TextController.php(50): App\Helpers\PaginationHelper::createPagination(Object(CodeIgniter\HTTP\IncomingRequest), Object(App\Models\Text\TextModel))
 8 SYSTEMPATH\CodeIgniter.php(932): App\Controllers\Text\TextController->get()
 9 SYSTEMPATH\CodeIgniter.php(497): CodeIgniter\CodeIgniter->runController(Object(App\Controllers\Text\TextController))
10 SYSTEMPATH\CodeIgniter.php(366): CodeIgniter\CodeIgniter->handleRequest(null, Object(Config\Cache), false)
11 FCPATH\index.php(67): CodeIgniter\CodeIgniter->run()
ERROR - 2024-06-03 12:12:03 --> mysqli_sql_exception: Unknown column 'cs_CZ' in 'on clause' in C:\laragon\www\SMALL_PROJECTS\foxdent\v1\system\Database\MySQLi\Connection.php:295
Stack trace:
#0 C:\laragon\www\SMALL_PROJECTS\foxdent\v1\system\Database\MySQLi\Connection.php(295): mysqli->query('SELECT COUNT(te...', 0)
#1 C:\laragon\www\SMALL_PROJECTS\foxdent\v1\system\Database\BaseConnection.php(692): CodeIgniter\Database\MySQLi\Connection->execute('SELECT COUNT(te...')
#2 C:\laragon\www\SMALL_PROJECTS\foxdent\v1\system\Database\BaseConnection.php(606): CodeIgniter\Database\BaseConnection->simpleQuery('SELECT COUNT(te...')
#3 C:\laragon\www\SMALL_PROJECTS\foxdent\v1\system\Database\BaseBuilder.php(1616): CodeIgniter\Database\BaseConnection->query('SELECT COUNT(te...', Array, false)
#4 C:\laragon\www\SMALL_PROJECTS\foxdent\v1\app\Models\Text\TextModel.php(239): CodeIgniter\Database\BaseBuilder->get()
#5 C:\laragon\www\SMALL_PROJECTS\foxdent\v1\app\Helpers\PaginationHelper.php(41): App\Models\Text\TextModel->getRecord()
#6 C:\laragon\www\SMALL_PROJECTS\foxdent\v1\app\Controllers\Text\TextController.php(50): App\Helpers\PaginationHelper::createPagination(Object(CodeIgniter\HTTP\IncomingRequest), Object(App\Models\Text\TextModel))
#7 C:\laragon\www\SMALL_PROJECTS\foxdent\v1\system\CodeIgniter.php(932): App\Controllers\Text\TextController->get()
#8 C:\laragon\www\SMALL_PROJECTS\foxdent\v1\system\CodeIgniter.php(497): CodeIgniter\CodeIgniter->runController(Object(App\Controllers\Text\TextController))
#9 C:\laragon\www\SMALL_PROJECTS\foxdent\v1\system\CodeIgniter.php(366): CodeIgniter\CodeIgniter->handleRequest(NULL, Object(Config\Cache), false)
#10 C:\laragon\www\SMALL_PROJECTS\foxdent\v1\index.php(67): CodeIgniter\CodeIgniter->run()
#11 {main}
CRITICAL - 2024-06-03 12:12:03 --> Unknown column 'cs_CZ' in 'on clause'
in SYSTEMPATH\Database\MySQLi\Connection.php on line 295.
 1 SYSTEMPATH\Database\MySQLi\Connection.php(295): mysqli->query('SELECT COUNT(texts.id) AS count
FROM `texts`
JOIN `texts_translations` ON `texts`.`id` = `texts_translations`.`text_id` AND `texts_translations`.`localization` = `cs_CZ`
WHERE `texts`.`removed` = 0
ORDER BY `texts`.`id` DESC', 0)
 2 SYSTEMPATH\Database\BaseConnection.php(692): CodeIgniter\Database\MySQLi\Connection->execute('SELECT COUNT(texts.id) AS count
FROM `texts`
JOIN `texts_translations` ON `texts`.`id` = `texts_translations`.`text_id` AND `texts_translations`.`localization` = `cs_CZ`
WHERE `texts`.`removed` = 0
ORDER BY `texts`.`id` DESC')
 3 SYSTEMPATH\Database\BaseConnection.php(606): CodeIgniter\Database\BaseConnection->simpleQuery('SELECT COUNT(texts.id) AS count
FROM `texts`
JOIN `texts_translations` ON `texts`.`id` = `texts_translations`.`text_id` AND `texts_translations`.`localization` = `cs_CZ`
WHERE `texts`.`removed` = 0
ORDER BY `texts`.`id` DESC')
 4 SYSTEMPATH\Database\BaseBuilder.php(1616): CodeIgniter\Database\BaseConnection->query('SELECT COUNT(texts.id) AS count
FROM `texts`
JOIN `texts_translations` ON `texts`.`id` = `texts_translations`.`text_id` AND `texts_translations`.`localization` = `cs_CZ`
WHERE `texts`.`removed` = :texts.removed:
ORDER BY `texts`.`id` DESC', [...], false)
 5 APPPATH\Models\Text\TextModel.php(239): CodeIgniter\Database\BaseBuilder->get()
 6 APPPATH\Helpers\PaginationHelper.php(41): App\Models\Text\TextModel->getRecord()
 7 APPPATH\Controllers\Text\TextController.php(50): App\Helpers\PaginationHelper::createPagination(Object(CodeIgniter\HTTP\IncomingRequest), Object(App\Models\Text\TextModel))
 8 SYSTEMPATH\CodeIgniter.php(932): App\Controllers\Text\TextController->get()
 9 SYSTEMPATH\CodeIgniter.php(497): CodeIgniter\CodeIgniter->runController(Object(App\Controllers\Text\TextController))
10 SYSTEMPATH\CodeIgniter.php(366): CodeIgniter\CodeIgniter->handleRequest(null, Object(Config\Cache), false)
11 FCPATH\index.php(67): CodeIgniter\CodeIgniter->run()
CRITICAL - 2024-06-03 13:03:10 --> Undefined property: stdClass::$shortname
in APPPATH\Models\Text\TextModel.php on line 256.
 1 APPPATH\Models\Text\TextModel.php(256): CodeIgniter\Debug\Exceptions->errorHandler(2, 'Undefined property: stdClass::$shortname', 'C:\\laragon\\www\\SMALL_PROJECTS\\foxdent\\v1\\app\\Models\\Text\\TextModel.php', 256)
 2 APPPATH\Models\Text\TextModel.php(445): App\Models\Text\TextModel->getRecord()
 3 APPPATH\Controllers\System\SystemOptionController.php(32): App\Models\Text\TextModel->getCacheData('select-option')
 4 SYSTEMPATH\CodeIgniter.php(932): App\Controllers\System\SystemOptionController->get()
 5 SYSTEMPATH\CodeIgniter.php(497): CodeIgniter\CodeIgniter->runController(Object(App\Controllers\System\SystemOptionController))
 6 SYSTEMPATH\CodeIgniter.php(366): CodeIgniter\CodeIgniter->handleRequest(null, Object(Config\Cache), false)
 7 FCPATH\index.php(67): CodeIgniter\CodeIgniter->run()
CRITICAL - 2024-06-03 13:23:18 --> Undefined variable $localizations
in APPPATH\Controllers\System\SystemOptionController.php on line 52.
 1 APPPATH\Controllers\System\SystemOptionController.php(52): CodeIgniter\Debug\Exceptions->errorHandler(2, 'Undefined variable $localizations', 'C:\\laragon\\www\\SMALL_PROJECTS\\foxdent\\v1\\app\\Controllers\\System\\SystemOptionController.php', 52)
 2 SYSTEMPATH\CodeIgniter.php(932): App\Controllers\System\SystemOptionController->get()
 3 SYSTEMPATH\CodeIgniter.php(497): CodeIgniter\CodeIgniter->runController(Object(App\Controllers\System\SystemOptionController))
 4 SYSTEMPATH\CodeIgniter.php(366): CodeIgniter\CodeIgniter->handleRequest(null, Object(Config\Cache), false)
 5 FCPATH\index.php(67): CodeIgniter\CodeIgniter->run()
ERROR - 2024-06-03 14:04:27 --> mysqli_sql_exception: Unknown column 'text_id' in 'field list' in C:\laragon\www\SMALL_PROJECTS\foxdent\v1\system\Database\MySQLi\Connection.php:295
Stack trace:
#0 C:\laragon\www\SMALL_PROJECTS\foxdent\v1\system\Database\MySQLi\Connection.php(295): mysqli->query('INSERT INTO `te...', 0)
#1 C:\laragon\www\SMALL_PROJECTS\foxdent\v1\system\Database\BaseConnection.php(692): CodeIgniter\Database\MySQLi\Connection->execute('INSERT INTO `te...')
#2 C:\laragon\www\SMALL_PROJECTS\foxdent\v1\system\Database\BaseConnection.php(606): CodeIgniter\Database\BaseConnection->simpleQuery('INSERT INTO `te...')
#3 C:\laragon\www\SMALL_PROJECTS\foxdent\v1\system\Database\BaseBuilder.php(2309): CodeIgniter\Database\BaseConnection->query('INSERT INTO `te...', Array, false)
#4 C:\laragon\www\SMALL_PROJECTS\foxdent\v1\app\Models\Text\TextModel.php(357): CodeIgniter\Database\BaseBuilder->insert(Array)
#5 C:\laragon\www\SMALL_PROJECTS\foxdent\v1\app\Controllers\Text\TextController.php(118): App\Models\Text\TextModel->createRecord()
#6 C:\laragon\www\SMALL_PROJECTS\foxdent\v1\system\CodeIgniter.php(932): App\Controllers\Text\TextController->create()
#7 C:\laragon\www\SMALL_PROJECTS\foxdent\v1\system\CodeIgniter.php(497): CodeIgniter\CodeIgniter->runController(Object(App\Controllers\Text\TextController))
#8 C:\laragon\www\SMALL_PROJECTS\foxdent\v1\system\CodeIgniter.php(366): CodeIgniter\CodeIgniter->handleRequest(NULL, Object(Config\Cache), false)
#9 C:\laragon\www\SMALL_PROJECTS\foxdent\v1\index.php(67): CodeIgniter\CodeIgniter->run()
#10 {main}
CRITICAL - 2024-06-03 15:43:16 --> Undefined variable $request
in APPPATH\Controllers\Text\TextController.php on line 51.
 1 APPPATH\Controllers\Text\TextController.php(51): CodeIgniter\Debug\Exceptions->errorHandler(2, 'Undefined variable $request', 'C:\\laragon\\www\\SMALL_PROJECTS\\foxdent\\v1\\app\\Controllers\\Text\\TextController.php', 51)
 2 SYSTEMPATH\CodeIgniter.php(932): App\Controllers\Text\TextController->get()
 3 SYSTEMPATH\CodeIgniter.php(497): CodeIgniter\CodeIgniter->runController(Object(App\Controllers\Text\TextController))
 4 SYSTEMPATH\CodeIgniter.php(366): CodeIgniter\CodeIgniter->handleRequest(null, Object(Config\Cache), false)
 5 FCPATH\index.php(67): CodeIgniter\CodeIgniter->run()
CRITICAL - 2024-06-03 15:44:36 --> Undefined variable $request
in APPPATH\Controllers\Text\TextController.php on line 51.
 1 APPPATH\Controllers\Text\TextController.php(51): CodeIgniter\Debug\Exceptions->errorHandler(2, 'Undefined variable $request', 'C:\\laragon\\www\\SMALL_PROJECTS\\foxdent\\v1\\app\\Controllers\\Text\\TextController.php', 51)
 2 SYSTEMPATH\CodeIgniter.php(932): App\Controllers\Text\TextController->get()
 3 SYSTEMPATH\CodeIgniter.php(497): CodeIgniter\CodeIgniter->runController(Object(App\Controllers\Text\TextController))
 4 SYSTEMPATH\CodeIgniter.php(366): CodeIgniter\CodeIgniter->handleRequest(null, Object(Config\Cache), false)
 5 FCPATH\index.php(67): CodeIgniter\CodeIgniter->run()
CRITICAL - 2024-06-03 15:45:02 --> Undefined array key "all"
in APPPATH\Controllers\Text\TextController.php on line 76.
 1 APPPATH\Controllers\Text\TextController.php(76): CodeIgniter\Debug\Exceptions->errorHandler(2, 'Undefined array key "all"', 'C:\\laragon\\www\\SMALL_PROJECTS\\foxdent\\v1\\app\\Controllers\\Text\\TextController.php', 76)
 2 SYSTEMPATH\CodeIgniter.php(932): App\Controllers\Text\TextController->get()
 3 SYSTEMPATH\CodeIgniter.php(497): CodeIgniter\CodeIgniter->runController(Object(App\Controllers\Text\TextController))
 4 SYSTEMPATH\CodeIgniter.php(366): CodeIgniter\CodeIgniter->handleRequest(null, Object(Config\Cache), false)
 5 FCPATH\index.php(67): CodeIgniter\CodeIgniter->run()
CRITICAL - 2024-06-03 15:45:16 --> Undefined array key "services"
in APPPATH\Controllers\Text\TextController.php on line 76.
 1 APPPATH\Controllers\Text\TextController.php(76): CodeIgniter\Debug\Exceptions->errorHandler(2, 'Undefined array key "services"', 'C:\\laragon\\www\\SMALL_PROJECTS\\foxdent\\v1\\app\\Controllers\\Text\\TextController.php', 76)
 2 SYSTEMPATH\CodeIgniter.php(932): App\Controllers\Text\TextController->get()
 3 SYSTEMPATH\CodeIgniter.php(497): CodeIgniter\CodeIgniter->runController(Object(App\Controllers\Text\TextController))
 4 SYSTEMPATH\CodeIgniter.php(366): CodeIgniter\CodeIgniter->handleRequest(null, Object(Config\Cache), false)
 5 FCPATH\index.php(67): CodeIgniter\CodeIgniter->run()
CRITICAL - 2024-06-03 15:48:04 --> Cannot redeclare App\Models\Text\TextModel::$format
in APPPATH\Models\Text\TextModel.php on line 41.
 1 [internal function]: CodeIgniter\Debug\Exceptions->shutdownHandler()
CRITICAL - 2024-06-03 15:49:48 --> Undefined variable $viewMethod
in APPPATH\Controllers\Text\TextController.php on line 75.
 1 APPPATH\Controllers\Text\TextController.php(75): CodeIgniter\Debug\Exceptions->errorHandler(2, 'Undefined variable $viewMethod', 'C:\\laragon\\www\\SMALL_PROJECTS\\foxdent\\v1\\app\\Controllers\\Text\\TextController.php', 75)
 2 SYSTEMPATH\CodeIgniter.php(932): App\Controllers\Text\TextController->get()
 3 SYSTEMPATH\CodeIgniter.php(497): CodeIgniter\CodeIgniter->runController(Object(App\Controllers\Text\TextController))
 4 SYSTEMPATH\CodeIgniter.php(366): CodeIgniter\CodeIgniter->handleRequest(null, Object(Config\Cache), false)
 5 FCPATH\index.php(67): CodeIgniter\CodeIgniter->run()
