ERROR - 2024-08-06 08:46:42 --> Error connecting to the database: mysqli_sql_exception: Pokus o připojení selhal, protože připojená strana v časovém intervalu řádně neodpověděla, nebo vytvořené připojení selhalo, protože neodpověděl připojený hostitel in C:\laragon\www\SMALL_PROJECTS\foxdent\v1\system\Database\MySQLi\Connection.php:174
Stack trace:
#0 C:\laragon\www\SMALL_PROJECTS\foxdent\v1\system\Database\MySQLi\Connection.php(174): mysqli->real_connect('WH47.farma.giga...', '76558_foxdent1', '8q9dnpiuBV2b', 'davmosoft_cz_fo...', 3306, '', 0)
#1 C:\laragon\www\SMALL_PROJECTS\foxdent\v1\system\Database\BaseConnection.php(391): CodeIgniter\Database\MySQLi\Connection->connect(false)
#2 C:\laragon\www\SMALL_PROJECTS\foxdent\v1\system\Database\BaseConnection.php(801): CodeIgniter\Database\BaseConnection->initialize()
#3 C:\laragon\www\SMALL_PROJECTS\foxdent\v1\system\Database\BaseConnection.php(735): CodeIgniter\Database\BaseConnection->transBegin(false)
#4 C:\laragon\www\SMALL_PROJECTS\foxdent\v1\app\Models\System\LogRequestModel.php(31): CodeIgniter\Database\BaseConnection->transStart()
#5 C:\laragon\www\SMALL_PROJECTS\foxdent\v1\app\Controllers\BaseController.php(59): App\Models\System\LogRequestModel->create()
#6 C:\laragon\www\SMALL_PROJECTS\foxdent\v1\app\Controllers\Content\ContentController.php(23): App\Controllers\BaseController->__construct()
#7 C:\laragon\www\SMALL_PROJECTS\foxdent\v1\system\CodeIgniter.php(904): App\Controllers\Content\ContentController->__construct()
#8 C:\laragon\www\SMALL_PROJECTS\foxdent\v1\system\CodeIgniter.php(488): CodeIgniter\CodeIgniter->createController()
#9 C:\laragon\www\SMALL_PROJECTS\foxdent\v1\system\CodeIgniter.php(366): CodeIgniter\CodeIgniter->handleRequest(NULL, Object(Config\Cache), false)
#10 C:\laragon\www\SMALL_PROJECTS\foxdent\v1\index.php(67): CodeIgniter\CodeIgniter->run()
#11 {main}

Next CodeIgniter\Database\Exceptions\DatabaseException: Pokus o připojení selhal, protože připojená strana v časovém intervalu řádně neodpověděla, nebo vytvořené připojení selhalo, protože neodpověděl připojený hostitel in C:\laragon\www\SMALL_PROJECTS\foxdent\v1\system\Database\MySQLi\Connection.php:218
Stack trace:
#0 C:\laragon\www\SMALL_PROJECTS\foxdent\v1\system\Database\BaseConnection.php(391): CodeIgniter\Database\MySQLi\Connection->connect(false)
#1 C:\laragon\www\SMALL_PROJECTS\foxdent\v1\system\Database\BaseConnection.php(801): CodeIgniter\Database\BaseConnection->initialize()
#2 C:\laragon\www\SMALL_PROJECTS\foxdent\v1\system\Database\BaseConnection.php(735): CodeIgniter\Database\BaseConnection->transBegin(false)
#3 C:\laragon\www\SMALL_PROJECTS\foxdent\v1\app\Models\System\LogRequestModel.php(31): CodeIgniter\Database\BaseConnection->transStart()
#4 C:\laragon\www\SMALL_PROJECTS\foxdent\v1\app\Controllers\BaseController.php(59): App\Models\System\LogRequestModel->create()
#5 C:\laragon\www\SMALL_PROJECTS\foxdent\v1\app\Controllers\Content\ContentController.php(23): App\Controllers\BaseController->__construct()
#6 C:\laragon\www\SMALL_PROJECTS\foxdent\v1\system\CodeIgniter.php(904): App\Controllers\Content\ContentController->__construct()
#7 C:\laragon\www\SMALL_PROJECTS\foxdent\v1\system\CodeIgniter.php(488): CodeIgniter\CodeIgniter->createController()
#8 C:\laragon\www\SMALL_PROJECTS\foxdent\v1\system\CodeIgniter.php(366): CodeIgniter\CodeIgniter->handleRequest(NULL, Object(Config\Cache), false)
#9 C:\laragon\www\SMALL_PROJECTS\foxdent\v1\index.php(67): CodeIgniter\CodeIgniter->run()
#10 {main}
CRITICAL - 2024-08-06 08:46:42 --> Unable to connect to the database.
Main connection [MySQLi]: Pokus o připojení selhal, protože připojená strana v časovém intervalu řádně neodpověděla, nebo vytvořené připojení selhalo, protože neodpověděl připojený hostitel
in SYSTEMPATH\Database\BaseConnection.php on line 427.
 1 SYSTEMPATH\Database\BaseConnection.php(801): CodeIgniter\Database\BaseConnection->initialize()
 2 SYSTEMPATH\Database\BaseConnection.php(735): CodeIgniter\Database\BaseConnection->transBegin(false)
 3 APPPATH\Models\System\LogRequestModel.php(31): CodeIgniter\Database\BaseConnection->transStart()
 4 APPPATH\Controllers\BaseController.php(59): App\Models\System\LogRequestModel->create()
 5 APPPATH\Controllers\Content\ContentController.php(23): App\Controllers\BaseController->__construct()
 6 SYSTEMPATH\CodeIgniter.php(904): App\Controllers\Content\ContentController->__construct()
 7 SYSTEMPATH\CodeIgniter.php(488): CodeIgniter\CodeIgniter->createController()
 8 SYSTEMPATH\CodeIgniter.php(366): CodeIgniter\CodeIgniter->handleRequest(null, Object(Config\Cache), false)
 9 FCPATH\index.php(67): CodeIgniter\CodeIgniter->run()
ERROR - 2024-08-06 08:46:53 --> Error connecting to the database: mysqli_sql_exception: Pokus o připojení selhal, protože připojená strana v časovém intervalu řádně neodpověděla, nebo vytvořené připojení selhalo, protože neodpověděl připojený hostitel in C:\laragon\www\SMALL_PROJECTS\foxdent\v1\system\Database\MySQLi\Connection.php:174
Stack trace:
#0 C:\laragon\www\SMALL_PROJECTS\foxdent\v1\system\Database\MySQLi\Connection.php(174): mysqli->real_connect('WH47.farma.giga...', '76558_foxdent1', '8q9dnpiuBV2b', 'davmosoft_cz_fo...', 3306, '', 0)
#1 C:\laragon\www\SMALL_PROJECTS\foxdent\v1\system\Database\BaseConnection.php(391): CodeIgniter\Database\MySQLi\Connection->connect(false)
#2 C:\laragon\www\SMALL_PROJECTS\foxdent\v1\system\Database\BaseConnection.php(801): CodeIgniter\Database\BaseConnection->initialize()
#3 C:\laragon\www\SMALL_PROJECTS\foxdent\v1\system\Database\BaseConnection.php(735): CodeIgniter\Database\BaseConnection->transBegin(false)
#4 C:\laragon\www\SMALL_PROJECTS\foxdent\v1\app\Models\System\LogRequestModel.php(31): CodeIgniter\Database\BaseConnection->transStart()
#5 C:\laragon\www\SMALL_PROJECTS\foxdent\v1\app\Controllers\BaseController.php(59): App\Models\System\LogRequestModel->create()
#6 C:\laragon\www\SMALL_PROJECTS\foxdent\v1\app\Controllers\Content\ContentController.php(23): App\Controllers\BaseController->__construct()
#7 C:\laragon\www\SMALL_PROJECTS\foxdent\v1\system\CodeIgniter.php(904): App\Controllers\Content\ContentController->__construct()
#8 C:\laragon\www\SMALL_PROJECTS\foxdent\v1\system\CodeIgniter.php(488): CodeIgniter\CodeIgniter->createController()
#9 C:\laragon\www\SMALL_PROJECTS\foxdent\v1\system\CodeIgniter.php(366): CodeIgniter\CodeIgniter->handleRequest(NULL, Object(Config\Cache), false)
#10 C:\laragon\www\SMALL_PROJECTS\foxdent\v1\index.php(67): CodeIgniter\CodeIgniter->run()
#11 {main}

Next CodeIgniter\Database\Exceptions\DatabaseException: Pokus o připojení selhal, protože připojená strana v časovém intervalu řádně neodpověděla, nebo vytvořené připojení selhalo, protože neodpověděl připojený hostitel in C:\laragon\www\SMALL_PROJECTS\foxdent\v1\system\Database\MySQLi\Connection.php:218
Stack trace:
#0 C:\laragon\www\SMALL_PROJECTS\foxdent\v1\system\Database\BaseConnection.php(391): CodeIgniter\Database\MySQLi\Connection->connect(false)
#1 C:\laragon\www\SMALL_PROJECTS\foxdent\v1\system\Database\BaseConnection.php(801): CodeIgniter\Database\BaseConnection->initialize()
#2 C:\laragon\www\SMALL_PROJECTS\foxdent\v1\system\Database\BaseConnection.php(735): CodeIgniter\Database\BaseConnection->transBegin(false)
#3 C:\laragon\www\SMALL_PROJECTS\foxdent\v1\app\Models\System\LogRequestModel.php(31): CodeIgniter\Database\BaseConnection->transStart()
#4 C:\laragon\www\SMALL_PROJECTS\foxdent\v1\app\Controllers\BaseController.php(59): App\Models\System\LogRequestModel->create()
#5 C:\laragon\www\SMALL_PROJECTS\foxdent\v1\app\Controllers\Content\ContentController.php(23): App\Controllers\BaseController->__construct()
#6 C:\laragon\www\SMALL_PROJECTS\foxdent\v1\system\CodeIgniter.php(904): App\Controllers\Content\ContentController->__construct()
#7 C:\laragon\www\SMALL_PROJECTS\foxdent\v1\system\CodeIgniter.php(488): CodeIgniter\CodeIgniter->createController()
#8 C:\laragon\www\SMALL_PROJECTS\foxdent\v1\system\CodeIgniter.php(366): CodeIgniter\CodeIgniter->handleRequest(NULL, Object(Config\Cache), false)
#9 C:\laragon\www\SMALL_PROJECTS\foxdent\v1\index.php(67): CodeIgniter\CodeIgniter->run()
#10 {main}
CRITICAL - 2024-08-06 08:46:53 --> Unable to connect to the database.
Main connection [MySQLi]: Pokus o připojení selhal, protože připojená strana v časovém intervalu řádně neodpověděla, nebo vytvořené připojení selhalo, protože neodpověděl připojený hostitel
in SYSTEMPATH\Database\BaseConnection.php on line 427.
 1 SYSTEMPATH\Database\BaseConnection.php(801): CodeIgniter\Database\BaseConnection->initialize()
 2 SYSTEMPATH\Database\BaseConnection.php(735): CodeIgniter\Database\BaseConnection->transBegin(false)
 3 APPPATH\Models\System\LogRequestModel.php(31): CodeIgniter\Database\BaseConnection->transStart()
 4 APPPATH\Controllers\BaseController.php(59): App\Models\System\LogRequestModel->create()
 5 APPPATH\Controllers\Content\ContentController.php(23): App\Controllers\BaseController->__construct()
 6 SYSTEMPATH\CodeIgniter.php(904): App\Controllers\Content\ContentController->__construct()
 7 SYSTEMPATH\CodeIgniter.php(488): CodeIgniter\CodeIgniter->createController()
 8 SYSTEMPATH\CodeIgniter.php(366): CodeIgniter\CodeIgniter->handleRequest(null, Object(Config\Cache), false)
 9 FCPATH\index.php(67): CodeIgniter\CodeIgniter->run()
CRITICAL - 2024-08-06 12:13:28 --> Undefined variable $orrderType
in APPPATH\Controllers\Employee\EmployeeController.php on line 70.
 1 APPPATH\Controllers\Employee\EmployeeController.php(70): CodeIgniter\Debug\Exceptions->errorHandler(2, 'Undefined variable $orrderType', 'C:\\laragon\\www\\SMALL_PROJECTS\\foxdent\\v1\\app\\Controllers\\Employee\\EmployeeController.php', 70)
 2 SYSTEMPATH\CodeIgniter.php(932): App\Controllers\Employee\EmployeeController->get()
 3 SYSTEMPATH\CodeIgniter.php(497): CodeIgniter\CodeIgniter->runController(Object(App\Controllers\Employee\EmployeeController))
 4 SYSTEMPATH\CodeIgniter.php(366): CodeIgniter\CodeIgniter->handleRequest(null, Object(Config\Cache), false)
 5 FCPATH\index.php(67): CodeIgniter\CodeIgniter->run()
CRITICAL - 2024-08-06 12:19:51 --> Undefined variable $__employee
in APPPATH\Controllers\Slide\SlideController.php on line 62.
 1 APPPATH\Controllers\Slide\SlideController.php(62): CodeIgniter\Debug\Exceptions->errorHandler(2, 'Undefined variable $__employee', 'C:\\laragon\\www\\SMALL_PROJECTS\\foxdent\\v1\\app\\Controllers\\Slide\\SlideController.php', 62)
 2 SYSTEMPATH\CodeIgniter.php(932): App\Controllers\Slide\SlideController->get()
 3 SYSTEMPATH\CodeIgniter.php(497): CodeIgniter\CodeIgniter->runController(Object(App\Controllers\Slide\SlideController))
 4 SYSTEMPATH\CodeIgniter.php(366): CodeIgniter\CodeIgniter->handleRequest(null, Object(Config\Cache), false)
 5 FCPATH\index.php(67): CodeIgniter\CodeIgniter->run()
